#
# There is insufficient memory for the Java Runtime Environment to continue.
# Native memory allocation (malloc) failed to allocate 1704544 bytes for Chunk::new
# Possible reasons:
#   The system is out of physical RAM or swap space
#   In 32 bit mode, the process size limit was hit
# Possible solutions:
#   Reduce memory load on the system
#   Increase physical memory or swap space
#   Check if swap backing store is full
#   Use 64 bit Java on a 64 bit OS
#   Decrease Java heap size (-Xmx/-Xms)
#   Decrease number of Java threads
#   Decrease Java thread stack sizes (-Xss)
#   Set larger code cache with -XX:ReservedCodeCacheSize=
# This output file may be truncated or incomplete.
#
#  Out of Memory Error (allocation.cpp:390), pid=2868, tid=0x0000000000004ea0
#
# JRE version: OpenJDK Runtime Environment (8.0_112-b06) (build 1.8.0_112-release-b06)
# Java VM: OpenJDK 64-Bit Server VM (25.112-b06 mixed mode windows-amd64 compressed oops)
# Failed to write core dump. Minidumps are not enabled by default on client versions of Windows
#

---------------  T H R E A D  ---------------

Current thread (0x00000000193e5000):  JavaThread "C2 CompilerThread1" daemon [_thread_in_native, id=20128, stack(0x0000000019ce0000,0x0000000019de0000)]

Stack: [0x0000000019ce0000,0x0000000019de0000]
[error occurred during error reporting (printing stack bounds), id 0xc0000005]

Native frames: (J=compiled Java code, j=interpreted, Vv=VM code, C=native code)


Current CompileTask:
C2:   4315 1764   !   4       java.net.URLClassLoader$1::run (63 bytes)


---------------  P R O C E S S  ---------------

Java Threads: ( => current thread )
  0x000000001b3d5000 JavaThread "File lock request listener" [_thread_in_native, id=19896, stack(0x000000001dc40000,0x000000001dd40000)]
  0x000000001b1e5800 JavaThread "Stdin handler" [_thread_blocked, id=1320, stack(0x000000001d940000,0x000000001da40000)]
  0x000000001b1e2000 JavaThread "Asynchronous log dispatcher for DefaultDaemonConnection: socket connection from /127.0.0.1:62024 to /127.0.0.1:62025" [_thread_blocked, id=11600, stack(0x000000001d740000,0x000000001d840000)]
  0x000000001b1d5800 JavaThread "Daemon worker" [_thread_in_native, id=12912, stack(0x000000001d640000,0x000000001d740000)]
  0x000000001ae86800 JavaThread "Cancel handler" [_thread_blocked, id=788, stack(0x000000001d540000,0x000000001d640000)]
  0x000000001b7ef800 JavaThread "pool-1-thread-1" [_thread_blocked, id=14396, stack(0x000000001d440000,0x000000001d540000)]
  0x000000001b2e6000 JavaThread "Handler for socket connection from /127.0.0.1:62024 to /127.0.0.1:62025" [_thread_in_native, id=11960, stack(0x000000001d340000,0x000000001d440000)]
  0x000000001b2e4000 JavaThread "Daemon" [_thread_blocked, id=23048, stack(0x000000001d240000,0x000000001d340000)]
  0x000000001b541800 JavaThread "Incoming local TCP Connector on port 62024" [_thread_in_native, id=6588, stack(0x000000001cb80000,0x000000001cc80000)]
  0x0000000019476000 JavaThread "Service Thread" daemon [_thread_blocked, id=24144, stack(0x0000000019fe0000,0x000000001a0e0000)]
  0x00000000193e8000 JavaThread "C1 CompilerThread3" daemon [_thread_blocked, id=19712, stack(0x0000000019ee0000,0x0000000019fe0000)]
  0x00000000193eb000 JavaThread "C2 CompilerThread2" daemon [_thread_in_native, id=544, stack(0x0000000019de0000,0x0000000019ee0000)]
=>0x00000000193e5000 JavaThread "C2 CompilerThread1" daemon [_thread_in_native, id=20128, stack(0x0000000019ce0000,0x0000000019de0000)]
  0x000000001938c000 JavaThread "C2 CompilerThread0" daemon [_thread_in_native, id=20376, stack(0x0000000019be0000,0x0000000019ce0000)]
  0x000000001938b000 JavaThread "Attach Listener" daemon [_thread_blocked, id=22468, stack(0x0000000019ae0000,0x0000000019be0000)]
  0x00000000193e0800 JavaThread "Signal Dispatcher" daemon [_thread_blocked, id=17128, stack(0x00000000199e0000,0x0000000019ae0000)]
  0x0000000019370800 JavaThread "Finalizer" daemon [_thread_blocked, id=9084, stack(0x0000000019750000,0x0000000019850000)]
  0x0000000004946000 JavaThread "Reference Handler" daemon [_thread_blocked, id=12928, stack(0x0000000019250000,0x0000000019350000)]
  0x0000000002bde000 JavaThread "main" [_thread_blocked, id=23000, stack(0x0000000004750000,0x0000000004850000)]

Other Threads:
  0x0000000017465800 VMThread [stack: 0x0000000019150000,0x0000000019250000] [id=18924]
  0x000000001942a800 WatcherThread [stack: 0x000000001a0e0000,0x000000001a1e0000] [id=5264]

VM state:not at safepoint (normal execution)

VM Mutex/Monitor currently owned by a thread: None

Heap:
 PSYoungGen      total 38400K, used 17410K [0x00000000eab00000, 0x00000000ed580000, 0x0000000100000000)
  eden space 33280K, 52% used [0x00000000eab00000,0x00000000ebc00a68,0x00000000ecb80000)
  from space 5120K, 0% used [0x00000000ed080000,0x00000000ed080000,0x00000000ed580000)
  to   space 5120K, 0% used [0x00000000ecb80000,0x00000000ecb80000,0x00000000ed080000)
 ParOldGen       total 66560K, used 9621K [0x00000000c0000000, 0x00000000c4100000, 0x00000000eab00000)
  object space 66560K, 14% used [0x00000000c0000000,0x00000000c09656e0,0x00000000c4100000)
 Metaspace       used 22448K, capacity 22834K, committed 23168K, reserved 1069056K
  class space    used 2974K, capacity 3116K, committed 3200K, reserved 1048576K

Card table byte_map: [0x0000000013d10000,0x0000000013f20000] byte_map_base: 0x0000000013710000

Marking Bits: (ParMarkBitMap*) 0x0000000052ef18f0
 Begin Bits: [0x0000000014880000, 0x0000000015880000)
 End Bits:   [0x0000000015880000, 0x0000000016880000)

Polling page: 0x0000000002b70000

CodeCache: size=245760Kb used=7268Kb max_used=7268Kb free=238491Kb
 bounds [0x0000000004950000, 0x0000000005070000, 0x0000000013950000]
 total_blobs=2448 nmethods=1801 adapters=558
 compilation: enabled

Compilation events (10 events):
Event: 4.295 Thread 0x00000000193e8000 nmethod 1801 0x0000000005037590 code [0x0000000005037780, 0x0000000005038070]
Event: 4.295 Thread 0x00000000193e8000 1800       3       org.objectweb.asm.ClassWriter::a (15 bytes)
Event: 4.295 Thread 0x00000000193e8000 nmethod 1800 0x0000000005037110 code [0x0000000005037280, 0x0000000005037478]
Event: 4.295 Thread 0x00000000193e8000 1802       3       org.objectweb.asm.Type::getInternalName (20 bytes)
Event: 4.295 Thread 0x00000000193e8000 nmethod 1802 0x0000000005036cd0 code [0x0000000005036e40, 0x0000000005037048]
Event: 4.299 Thread 0x000000001938c000 1803   !   4       java.util.zip.InflaterInputStream::read (138 bytes)
Event: 4.306 Thread 0x00000000193e8000 1804       3       org.objectweb.asm.ClassWriter::a (70 bytes)
Event: 4.307 Thread 0x00000000193e8000 nmethod 1804 0x0000000005036510 code [0x00000000050366c0, 0x0000000005036b18]
Event: 4.307 Thread 0x00000000193e8000 1805       3       sun.reflect.generics.parser.SignatureParser::parsePackageNameAndSimpleClassTypeSignature (139 bytes)
Event: 4.308 Thread 0x00000000193e8000 nmethod 1805 0x0000000005065f10 code [0x0000000005066260, 0x0000000005067c28]

GC Heap History (10 events):
Event: 0.948 GC heap before
{Heap before GC invocations=1 (full 0):
 PSYoungGen      total 38400K, used 33280K [0x00000000eab00000, 0x00000000ed580000, 0x0000000100000000)
  eden space 33280K, 100% used [0x00000000eab00000,0x00000000ecb80000,0x00000000ecb80000)
  from space 5120K, 0% used [0x00000000ed080000,0x00000000ed080000,0x00000000ed580000)
  to   space 5120K, 0% used [0x00000000ecb80000,0x00000000ecb80000,0x00000000ed080000)
 ParOldGen       total 87552K, used 0K [0x00000000c0000000, 0x00000000c5580000, 0x00000000eab00000)
  object space 87552K, 0% used [0x00000000c0000000,0x00000000c0000000,0x00000000c5580000)
 Metaspace       used 6856K, capacity 7024K, committed 7040K, reserved 1056768K
  class space    used 837K, capacity 892K, committed 896K, reserved 1048576K
Event: 0.953 GC heap after
Heap after GC invocations=1 (full 0):
 PSYoungGen      total 38400K, used 4948K [0x00000000eab00000, 0x00000000ed580000, 0x0000000100000000)
  eden space 33280K, 0% used [0x00000000eab00000,0x00000000eab00000,0x00000000ecb80000)
  from space 5120K, 96% used [0x00000000ecb80000,0x00000000ed0550b8,0x00000000ed080000)
  to   space 5120K, 0% used [0x00000000ed080000,0x00000000ed080000,0x00000000ed580000)
 ParOldGen       total 87552K, used 8K [0x00000000c0000000, 0x00000000c5580000, 0x00000000eab00000)
  object space 87552K, 0% used [0x00000000c0000000,0x00000000c0002000,0x00000000c5580000)
 Metaspace       used 6856K, capacity 7024K, committed 7040K, reserved 1056768K
  class space    used 837K, capacity 892K, committed 896K, reserved 1048576K
}
Event: 2.543 GC heap before
{Heap before GC invocations=2 (full 0):
 PSYoungGen      total 38400K, used 38228K [0x00000000eab00000, 0x00000000ed580000, 0x0000000100000000)
  eden space 33280K, 100% used [0x00000000eab00000,0x00000000ecb80000,0x00000000ecb80000)
  from space 5120K, 96% used [0x00000000ecb80000,0x00000000ed0550b8,0x00000000ed080000)
  to   space 5120K, 0% used [0x00000000ed080000,0x00000000ed080000,0x00000000ed580000)
 ParOldGen       total 87552K, used 8K [0x00000000c0000000, 0x00000000c5580000, 0x00000000eab00000)
  object space 87552K, 0% used [0x00000000c0000000,0x00000000c0002000,0x00000000c5580000)
 Metaspace       used 13091K, capacity 13454K, committed 13696K, reserved 1060864K
  class space    used 1734K, capacity 1874K, committed 1920K, reserved 1048576K
Event: 2.547 GC heap after
Heap after GC invocations=2 (full 0):
 PSYoungGen      total 38400K, used 5095K [0x00000000eab00000, 0x00000000ed580000, 0x0000000100000000)
  eden space 33280K, 0% used [0x00000000eab00000,0x00000000eab00000,0x00000000ecb80000)
  from space 5120K, 99% used [0x00000000ed080000,0x00000000ed579c10,0x00000000ed580000)
  to   space 5120K, 0% used [0x00000000ecb80000,0x00000000ecb80000,0x00000000ed080000)
 ParOldGen       total 87552K, used 1327K [0x00000000c0000000, 0x00000000c5580000, 0x00000000eab00000)
  object space 87552K, 1% used [0x00000000c0000000,0x00000000c014bff8,0x00000000c5580000)
 Metaspace       used 13091K, capacity 13454K, committed 13696K, reserved 1060864K
  class space    used 1734K, capacity 1874K, committed 1920K, reserved 1048576K
}
Event: 3.115 GC heap before
{Heap before GC invocations=3 (full 0):
 PSYoungGen      total 38400K, used 38375K [0x00000000eab00000, 0x00000000ed580000, 0x0000000100000000)
  eden space 33280K, 100% used [0x00000000eab00000,0x00000000ecb80000,0x00000000ecb80000)
  from space 5120K, 99% used [0x00000000ed080000,0x00000000ed579c10,0x00000000ed580000)
  to   space 5120K, 0% used [0x00000000ecb80000,0x00000000ecb80000,0x00000000ed080000)
 ParOldGen       total 87552K, used 1327K [0x00000000c0000000, 0x00000000c5580000, 0x00000000eab00000)
  object space 87552K, 1% used [0x00000000c0000000,0x00000000c014bff8,0x00000000c5580000)
 Metaspace       used 16506K, capacity 16938K, committed 17024K, reserved 1064960K
  class space    used 2298K, capacity 2432K, committed 2432K, reserved 1048576K
Event: 3.123 GC heap after
Heap after GC invocations=3 (full 0):
 PSYoungGen      total 38400K, used 5097K [0x00000000eab00000, 0x00000000ed580000, 0x0000000100000000)
  eden space 33280K, 0% used [0x00000000eab00000,0x00000000eab00000,0x00000000ecb80000)
  from space 5120K, 99% used [0x00000000ecb80000,0x00000000ed07a650,0x00000000ed080000)
  to   space 5120K, 0% used [0x00000000ed080000,0x00000000ed080000,0x00000000ed580000)
 ParOldGen       total 87552K, used 4429K [0x00000000c0000000, 0x00000000c5580000, 0x00000000eab00000)
  object space 87552K, 5% used [0x00000000c0000000,0x00000000c04534b8,0x00000000c5580000)
 Metaspace       used 16506K, capacity 16938K, committed 17024K, reserved 1064960K
  class space    used 2298K, capacity 2432K, committed 2432K, reserved 1048576K
}
Event: 3.620 GC heap before
{Heap before GC invocations=4 (full 0):
 PSYoungGen      total 38400K, used 27087K [0x00000000eab00000, 0x00000000ed580000, 0x0000000100000000)
  eden space 33280K, 66% used [0x00000000eab00000,0x00000000ec0795c0,0x00000000ecb80000)
  from space 5120K, 99% used [0x00000000ecb80000,0x00000000ed07a650,0x00000000ed080000)
  to   space 5120K, 0% used [0x00000000ed080000,0x00000000ed080000,0x00000000ed580000)
 ParOldGen       total 87552K, used 4429K [0x00000000c0000000, 0x00000000c5580000, 0x00000000eab00000)
  object space 87552K, 5% used [0x00000000c0000000,0x00000000c04534b8,0x00000000c5580000)
 Metaspace       used 20852K, capacity 21206K, committed 21296K, reserved 1067008K
  class space    used 2800K, capacity 2916K, committed 2944K, reserved 1048576K
Event: 3.627 GC heap after
Heap after GC invocations=4 (full 0):
 PSYoungGen      total 38400K, used 5109K [0x00000000eab00000, 0x00000000ed580000, 0x0000000100000000)
  eden space 33280K, 0% used [0x00000000eab00000,0x00000000eab00000,0x00000000ecb80000)
  from space 5120K, 99% used [0x00000000ed080000,0x00000000ed57d5f0,0x00000000ed580000)
  to   space 5120K, 0% used [0x00000000ecb80000,0x00000000ecb80000,0x00000000ed080000)
 ParOldGen       total 87552K, used 9081K [0x00000000c0000000, 0x00000000c5580000, 0x00000000eab00000)
  object space 87552K, 10% used [0x00000000c0000000,0x00000000c08de7e8,0x00000000c5580000)
 Metaspace       used 20852K, capacity 21206K, committed 21296K, reserved 1067008K
  class space    used 2800K, capacity 2916K, committed 2944K, reserved 1048576K
}
Event: 3.627 GC heap before
{Heap before GC invocations=5 (full 1):
 PSYoungGen      total 38400K, used 5109K [0x00000000eab00000, 0x00000000ed580000, 0x0000000100000000)
  eden space 33280K, 0% used [0x00000000eab00000,0x00000000eab00000,0x00000000ecb80000)
  from space 5120K, 99% used [0x00000000ed080000,0x00000000ed57d5f0,0x00000000ed580000)
  to   space 5120K, 0% used [0x00000000ecb80000,0x00000000ecb80000,0x00000000ed080000)
 ParOldGen       total 87552K, used 9081K [0x00000000c0000000, 0x00000000c5580000, 0x00000000eab00000)
  object space 87552K, 10% used [0x00000000c0000000,0x00000000c08de7e8,0x00000000c5580000)
 Metaspace       used 20852K, capacity 21206K, committed 21296K, reserved 1067008K
  class space    used 2800K, capacity 2916K, committed 2944K, reserved 1048576K
Event: 3.662 GC heap after
Heap after GC invocations=5 (full 1):
 PSYoungGen      total 38400K, used 0K [0x00000000eab00000, 0x00000000ed580000, 0x0000000100000000)
  eden space 33280K, 0% used [0x00000000eab00000,0x00000000eab00000,0x00000000ecb80000)
  from space 5120K, 0% used [0x00000000ed080000,0x00000000ed080000,0x00000000ed580000)
  to   space 5120K, 0% used [0x00000000ecb80000,0x00000000ecb80000,0x00000000ed080000)
 ParOldGen       total 66560K, used 9621K [0x00000000c0000000, 0x00000000c4100000, 0x00000000eab00000)
  object space 66560K, 14% used [0x00000000c0000000,0x00000000c09656e0,0x00000000c4100000)
 Metaspace       used 20852K, capacity 21206K, committed 21296K, reserved 1067008K
  class space    used 2800K, capacity 2916K, committed 2944K, reserved 1048576K
}

Deoptimization events (10 events):
Event: 3.126 Thread 0x000000001b1d5800 Uncommon trap: reason=predicate action=maybe_recompile pc=0x0000000004e16d08 method=sun.security.provider.DigestBase.implCompressMultiBlock([BII)I @ 5
Event: 3.131 Thread 0x000000001b1d5800 Uncommon trap: reason=unstable_if action=reinterpret pc=0x0000000004c3b450 method=java.lang.AbstractStringBuilder.append(Ljava/lang/String;)Ljava/lang/AbstractStringBuilder; @ 1
Event: 3.131 Thread 0x000000001b1d5800 Uncommon trap: reason=unstable_if action=reinterpret pc=0x0000000004b6ac3c method=java.lang.AbstractStringBuilder.append(Ljava/lang/String;)Ljava/lang/AbstractStringBuilder; @ 1
Event: 3.220 Thread 0x000000001b1d5800 Uncommon trap: reason=class_check action=maybe_recompile pc=0x0000000004b3ac08 method=sun.misc.URLClassPath.getLoader(I)Lsun/misc/URLClassPath$Loader; @ 94
Event: 3.221 Thread 0x000000001b1d5800 Uncommon trap: reason=class_check action=maybe_recompile pc=0x0000000004c51aac method=sun.misc.URLClassPath.getResource(Ljava/lang/String;Z)Lsun/misc/Resource; @ 62
Event: 3.563 Thread 0x000000001b1d5800 Uncommon trap: reason=class_check action=maybe_recompile pc=0x0000000004b3ad4c method=sun.misc.URLClassPath.getLoader(I)Lsun/misc/URLClassPath$Loader; @ 193
Event: 3.573 Thread 0x000000001b1d5800 Uncommon trap: reason=class_check action=maybe_recompile pc=0x0000000004b3ad4c method=sun.misc.URLClassPath.getLoader(I)Lsun/misc/URLClassPath$Loader; @ 193
Event: 3.595 Thread 0x000000001b1d5800 Uncommon trap: reason=class_check action=maybe_recompile pc=0x0000000004b3ad4c method=sun.misc.URLClassPath.getLoader(I)Lsun/misc/URLClassPath$Loader; @ 193
Event: 3.736 Thread 0x000000001b1d5800 Uncommon trap: reason=class_check action=maybe_recompile pc=0x0000000004b38040 method=sun.misc.URLClassPath.getLoader(I)Lsun/misc/URLClassPath$Loader; @ 94
Event: 4.262 Thread 0x000000001b1d5800 Uncommon trap: reason=unstable_if action=reinterpret pc=0x0000000004bbf44c method=java.io.WinNTFileSystem.resolve(Ljava/lang/String;Ljava/lang/String;)Ljava/lang/String; @ 49

Internal exceptions (10 events):
Event: 3.708 Thread 0x000000001b1d5800 Exception <a 'java/lang/ClassNotFoundException': org/gradle/api/internal/project/AbstractPluginAwareBeanInfo> (0x00000000eac40160) thrown at [C:\src\android\AOSP-openjdk\external\jetbrains\jdk\hotspot\src\share\vm\classfile\systemDictionary.cpp, line 210]
Event: 3.708 Thread 0x000000001b1d5800 Exception <a 'java/lang/ClassNotFoundException': org/gradle/api/internal/project/AbstractPluginAwareCustomizer> (0x00000000eac63898) thrown at [C:\src\android\AOSP-openjdk\external\jetbrains\jdk\hotspot\src\share\vm\classfile\systemDictionary.cpp, line 210%W¯WH¬@
Event: 3.709 Thread 0x000000001b1d5800 Exception <a 'java/lang/ClassNotFoundException': org/gradle/invocation/DefaultGradleCustomizer> (0x00000000eac86f98) thrown at [C:\src\android\AOSP-openjdk\external\jetbrains\jdk\hotspot\src\share\vm\classfile\systemDictionary.cpp, line 210]
Event: 3.712 Thread 0x000000001b1d5800 Exception <a 'java/lang/ClassNotFoundException': org/gradle/invocation/DefaultGradle_DecoratedCustomizer> (0x00000000eacd89d8) thrown at [C:\src\android\AOSP-openjdk\external\jetbrains\jdk\hotspot\src\share\vm\classfile\systemDictionary.cpp, line 210]
Event: 3.740 Thread 0x000000001b1d5800 Exception <a 'java/lang/ClassNotFoundException': ijinit_cnlxvbihpjdu6ey4ibiosbxurBeanInfo> (0x00000000eadd2e70) thrown at [C:\src\android\AOSP-openjdk\external\jetbrains\jdk\hotspot\src\share\vm\classfile\systemDictionary.cpp, line 210]
Event: 3.741 Thread 0x000000001b1d5800 Exception <a 'java/lang/ClassNotFoundException': ijinit_cnlxvbihpjdu6ey4ibiosbxurCustomizer> (0x00000000eaddcec8) thrown at [C:\src\android\AOSP-openjdk\external\jetbrains\jdk\hotspot\src\share\vm\classfile\systemDictionary.cpp, line 210]
Event: 3.772 Thread 0x000000001b1d5800 Exception <a 'java/lang/ClassNotFoundException': org/gradle/internal/metaobject/ConfigureDelegateBeanInfo> (0x00000000eb019658) thrown at [C:\src\android\AOSP-openjdk\external\jetbrains\jdk\hotspot\src\share\vm\classfile\systemDictionary.cpp, line 210]
Event: 3.772 Thread 0x000000001b1d5800 Exception <a 'java/lang/ClassNotFoundException': org/gradle/internal/metaobject/ConfigureDelegateCustomizer> (0x00000000eb039828) thrown at [C:\src\android\AOSP-openjdk\external\jetbrains\jdk\hotspot\src\share\vm\classfile\systemDictionary.cpp, line 210]
Event: 3.776 Thread 0x000000001b1d5800 Exception <a 'java/lang/ClassNotFoundException': org/gradle/api/internal/initialization/DefaultScriptHandlerBeanInfo> (0x00000000eb09c130) thrown at [C:\src\android\AOSP-openjdk\external\jetbrains\jdk\hotspot\src\share\vm\classfile\systemDictionary.cpp, liÎ„ÓY®6@
Event: 3.777 Thread 0x000000001b1d5800 Exception <a 'java/lang/ClassNotFoundException': org/gradle/api/internal/initialization/DefaultScriptHandlerCustomizer> (0x00000000eb0c2a90) thrown at [C:\src\android\AOSP-openjdk\external\jetbrains\jdk\hotspot\src\share\vm\classfile\systemDictionary.cpp, n íe©@

Events (10 events):
Event: 4.307 loading class org/gradle/api/artifacts/ModuleIdentifier
Event: 4.307 loading class org/gradle/api/artifacts/ModuleIdentifier done
Event: 4.308 loading class org/gradle/api/artifacts/ivy/IvyModuleDescriptor
Event: 4.308 loading class org/gradle/api/artifacts/ivy/IvyModuleDescriptor done
Event: 4.308 loading class org/gradle/api/internal/notations/ModuleIdentifierNotationConverter
Event: 4.308 loading class org/gradle/api/internal/notations/ModuleIdentifierNotationConverter done
Event: 4.309 loading class org/gradle/internal/typeconversion/TypedNotationConverter
Event: 4.309 loading class org/gradle/internal/typeconversion/TypedNotationConverter done
Event: 4.310 loading class org/gradle/internal/typeconversion/JustReturningConverter
Event: 4.310 loading class org/gradle/internal/typeconversion/JustReturningConverter done


Dynamic libraries:
0x00007ff62c690000 - 0x00007ff62c6c1000 	C:\Program Files\Android\Android Studio\jre\bin\java.exe
0x00007ff906a50000 - 0x00007ff906c30000 	C:\WINDOWS\SYSTEM32\ntdll.dll
0x00007ff905ce0000 - 0x00007ff905d8e000 	C:\WINDOWS\System32\KERNEL32.DLL
0x00007ff903020000 - 0x00007ff903286000 	C:\WINDOWS\System32\KERNELBASE.dll
0x00007ff905bd0000 - 0x00007ff905c71000 	C:\WINDOWS\System32\ADVAPI32.dll
0x00007ff906320000 - 0x00007ff9063bd000 	C:\WINDOWS\System32\msvcrt.dll
0x00007ff903f20000 - 0x00007ff903f7b000 	C:\WINDOWS\System32\sechost.dll
0x00007ff903f90000 - 0x00007ff9040af000 	C:\WINDOWS\System32\RPCRT4.dll
0x00007ff906440000 - 0x00007ff9065cf000 	C:\WINDOWS\System32\USER32.dll
0x00007ff903290000 - 0x00007ff9032b0000 	C:\WINDOWS\System32\win32u.dll
0x00007ff905b30000 - 0x00007ff905b58000 	C:\WINDOWS\System32\GDI32.dll
0x00007ff903440000 - 0x00007ff9035d3000 	C:\WINDOWS\System32\gdi32full.dll
0x00007ff903d30000 - 0x00007ff903dcb000 	C:\WINDOWS\System32\msvcp_win.dll
0x00007ff903e20000 - 0x00007ff903f16000 	C:\WINDOWS\System32\ucrtbase.dll
0x00007ff8f07c0000 - 0x00007ff8f0a29000 	C:\WINDOWS\WinSxS\amd64_microsoft.windows.common-controls_6595b64144ccf1df_6.0.16299.309_none_15cfd4c4935e6b11\COMCTL32.dll
0x00007ff905e60000 - 0x00007ff906168000 	C:\WINDOWS\System32\combase.dll
0x00007ff903310000 - 0x00007ff903382000 	C:\WINDOWS\System32\bcryptPrimitives.dll
0x00007ff905ae0000 - 0x00007ff905b0d000 	C:\WINDOWS\System32\IMM32.DLL
0x0000000053af0000 - 0x0000000053bc2000 	C:\Program Files\Android\Android Studio\jre\jre\bin\msvcr100.dll
0x0000000052730000 - 0x0000000052f6c000 	C:\Program Files\Android\Android Studio\jre\jre\bin\server\jvm.dll
0x00007ff905e50000 - 0x00007ff905e58000 	C:\WINDOWS\System32\PSAPI.DLL
0x00007ff8ffb00000 - 0x00007ff8ffb09000 	C:\WINDOWS\SYSTEM32\WSOCK32.dll
0x00007ff905b60000 - 0x00007ff905bcc000 	C:\WINDOWS\System32\WS2_32.dll
0x00007ff8ffa20000 - 0x00007ff8ffa43000 	C:\WINDOWS\SYSTEM32\WINMM.dll
0x00007ff901950000 - 0x00007ff90195a000 	C:\WINDOWS\SYSTEM32\VERSION.dll
0x00007ff8ff9c0000 - 0x00007ff8ff9ea000 	C:\WINDOWS\SYSTEM32\winmmbase.dll
0x00007ff903dd0000 - 0x00007ff903e1a000 	C:\WINDOWS\System32\cfgmgr32.dll
0x00007ff8ff980000 - 0x00007ff8ff98f000 	C:\Program Files\Android\Android Studio\jre\jre\bin\verify.dll
0x00007ff8ecce0000 - 0x00007ff8ecd09000 	C:\Program Files\Android\Android Studio\jre\jre\bin\java.dll
0x00007ff8f7b50000 - 0x00007ff8f7b66000 	C:\Program Files\Android\Android Studio\jre\jre\bin\zip.dll
0x00007ff904590000 - 0x00007ff9059c6000 	C:\WINDOWS\System32\SHELL32.dll
0x00007ff904200000 - 0x00007ff9042a6000 	C:\WINDOWS\System32\shcore.dll
0x00007ff9035e0000 - 0x00007ff903d27000 	C:\WINDOWS\System32\windows.storage.dll
0x00007ff905d90000 - 0x00007ff905de1000 	C:\WINDOWS\System32\shlwapi.dll
0x00007ff902dc0000 - 0x00007ff902dd1000 	C:\WINDOWS\System32\kernel.appcore.dll
0x00007ff902de0000 - 0x00007ff902e2c000 	C:\WINDOWS\System32\powrprof.dll
0x00007ff902da0000 - 0x00007ff902dbb000 	C:\WINDOWS\System32\profapi.dll
0x00007ff8eee60000 - 0x00007ff8eee7a000 	C:\Program Files\Android\Android Studio\jre\jre\bin\net.dll
0x00007ff902630000 - 0x00007ff902696000 	C:\WINDOWS\system32\mswsock.dll
0x00007ff8ee4d0000 - 0x00007ff8ee4e1000 	C:\Program Files\Android\Android Studio\jre\jre\bin\nio.dll
0x00007ff8ecc20000 - 0x00007ff8ecc3e000 	C:\Users\erslab-gh\.gradle\native\23\windows-amd64\native-platform.dll
0x00007ff9027f0000 - 0x00007ff902807000 	C:\WINDOWS\SYSTEM32\CRYPTSP.dll
0x00007ff902230000 - 0x00007ff902263000 	C:\WINDOWS\system32\rsaenh.dll
0x00007ff902900000 - 0x00007ff902925000 	C:\WINDOWS\SYSTEM32\bcrypt.dll
0x00007ff902cd0000 - 0x00007ff902cf9000 	C:\WINDOWS\SYSTEM32\USERENV.dll
0x00007ff902810000 - 0x00007ff90281b000 	C:\WINDOWS\SYSTEM32\CRYPTBASE.dll
0x00007ff9023c0000 - 0x00007ff9023f9000 	C:\WINDOWS\SYSTEM32\IPHLPAPI.DLL
0x00007ff906310000 - 0x00007ff906318000 	C:\WINDOWS\System32\NSI.dll
0x00007ff8fd310000 - 0x00007ff8fd326000 	C:\WINDOWS\SYSTEM32\dhcpcsvc6.DLL
0x00007ff8fd0b0000 - 0x00007ff8fd0ca000 	C:\WINDOWS\SYSTEM32\dhcpcsvc.DLL
0x00007ff8f7b20000 - 0x00007ff8f7b2d000 	C:\Program Files\Android\Android Studio\jre\jre\bin\management.dll

VM Arguments:
jvm_args: -XX:MaxPermSize=256m -XX:+HeapDumpOnOutOfMemoryError -Xmx1024m -Dfile.encoding=x-windows-949 -Duser.country=KR -Duser.language=ko -Duser.variant 
java_command: org.gradle.launcher.daemon.bootstrap.GradleDaemon 3.3
java_class_path (initial): C:\Users\erslab-gh\.gradle\wrapper\dists\gradle-3.3-all\55gk2rcmfc6p2dg9u9ohc3hw9\gradle-3.3\lib\gradle-launcher-3.3.jar
Launcher Type: SUN_STANDARD

Environment Variables:
PATH=C:\WinAVR-20100110\bin;C:\WinAVR-20100110\utils\bin;C:\ProgramData\Oracle\Java\javapath;C:\WINDOWS\system32;C:\WINDOWS;C:\WINDOWS\System32\Wbem;C:\WINDOWS\System32\WindowsPowerShell\v1.0\;C:\Program Files (x86)\Skype\Phone\;C:\Program Files\Java\jdk1.8.0_131\bin;C:\Program Files\Git\cmd;D:\Python27;C:\Program Files\nodejs\;C:\Program Files (x86)\NVIDIA Corporation\PhysX\Common;D:\GPAC;C:\Users\erslab-gh\AppData\Local\Microsoft\WindowsApps;C:\Users\erslab-gh\AppData\Roaming\npm;
USERNAME=erslab-gh
OS=Windows_NT
PROCESSOR_IDENTIFIER=Intel64 Family 6 Model 58 Stepping 9, GenuineIntel



---------------  S Y S T E M  ---------------

OS: Windows 10.0 , 64 bit Build 16299 (10.0.16299.15)

CPU:total 8 (4 cores per cpu, 2 threads per core) family 6 model 58 stepping 9, cmov, cx8, fxsr, mmx, sse, sse2, sse3, ssse3, sse4.1, sse4.2, popcnt, avx, aes, clmul, erms, ht, tsc, tscinvbit, tscinv

Memory: 4k page, physical 8346080k(2362280k free), swap 33511904k(6004k free)

vm_info: OpenJDK 64-Bit Server VM (25.112-b06) for windows-amd64 JRE (1.8.0_112-release-b06), built on Dec  8 2016 00:54:26 by "builder" with MS VC++ 10.0 (VS2010)

time: Mon Apr 02 13:21:15 2018
elapsed time: 4 seconds (0d 0h 0m 4s)

