  main.cpp
main.cpp(211): warning C4018: '>=': signed 또는 unsigned가 일치하지 않습니다.
main.cpp(286): warning C4244: '초기화 중': 'double'에서 'int'(으)로 변환하면서 데이터가 손실될 수 있습니다.
main.cpp(305): warning C4244: '초기화 중': 'double'에서 'int'(으)로 변환하면서 데이터가 손실될 수 있습니다.
main.cpp(335): warning C4018: '>=': signed 또는 unsigned가 일치하지 않습니다.
main.cpp(388): warning C4996: 'freopen': This function or variable may be unsafe. Consider using freopen_s instead. To disable deprecation, use _CRT_SECURE_NO_WARNINGS. See online help for details.
  C:\Program Files (x86)\Windows Kits\10\Include\10.0.10240.0\ucrt\stdio.h(240): note: 'freopen' 선언을 참조하십시오.
main.cpp(275): warning C4018: '<': signed 또는 unsigned가 일치하지 않습니다.
  main.cpp(287): note: 컴파일 중인 함수 템플릿 인스턴스화 'void Knapsack::initTable<double>(std::vector<std::vector<std::vector<double,std::allocator<_Ty>>,std::allocator<std::vector<_Ty,std::allocator<_Ty>>>>,std::allocator<std::vector<std::vector<_Ty,std::allocator<_Ty>>,std::allocator<std::vector<_Ty,std::allocator<_Ty>>>>>> &,int)'에 대한 참조를 확인하십시오.
          with
          [
              _Ty=double
          ]
main.cpp(277): warning C4018: '<': signed 또는 unsigned가 일치하지 않습니다.
  코드를 생성하고 있습니다.
  2 of 1110 functions ( 0.2%) were compiled, the rest were copied from previous compilation.
    0 functions were new in current compilation
    7 functions had inline decision re-evaluated but remain unchanged
  코드를 생성했습니다.
  DASH_Simulation.vcxproj -> C:\Users\Kim Gyu Hwan\Documents\Visual Studio 2015\Projects\DASH_Simulation\Release\DASH_Simulation.exe
  DASH_Simulation.vcxproj -> C:\Users\Kim Gyu Hwan\Documents\Visual Studio 2015\Projects\DASH_Simulation\Release\DASH_Simulation.pdb (Full PDB)
